<?xml version="1.0" encoding="UTF-8"?>
<testsuite name="firstProject.app.MessageUtilsTest" tests="1" skipped="0" failures="0" errors="0" timestamp="2022-06-21T03:17:06" hostname="gimhuilaui-MacBookPro.local" time="0.026">
  <properties/>
  <testcase name="testGetMessage()" classname="firstProject.app.MessageUtilsTest" time="0.026"/>
  <system-out><![CDATA[]]></system-out>
  <system-err><![CDATA[]]></system-err>
</testsuite>
